<?xml version="1.0" encoding="UTF-8"?>
<!-- Generated by org.testng.reporters.JUnitReportReporter -->
<testsuite skipped="0" hostname="ANANT" name="com.mycompany.app.SeleniumTest" tests="1" failures="0" timestamp="2020-04-01T13:21:16 IST" time="0.006" errors="0">
  <testcase name="getdata" time="0.006" classname="com.mycompany.app.SeleniumTest"/>
  <system-out/>
</testsuite> <!-- com.mycompany.app.SeleniumTest -->
