<?xml version="1.0" encoding="UTF-8"?>
<!-- Generated by org.testng.reporters.JUnitReportReporter -->
<testsuite skipped="0" hostname="ANANT" name="com.mycompany.app.AppTest" tests="1" failures="0" timestamp="2020-04-01T13:21:16 IST" time="0.001" errors="0">
  <testcase name="testApp" time="0.001" classname="com.mycompany.app.AppTest"/>
  <system-out/>
</testsuite> <!-- com.mycompany.app.AppTest -->
